c:\users\genki\desktop\csdllfromcpp\dllwrapper\cswrappercppcli\cswrappercppcli\x64\debug\cswrappercppcli.pch
c:\users\genki\desktop\csdllfromcpp\dllwrapper\cswrappercppcli\cswrappercppcli\x64\debug\vc143.pdb
c:\users\genki\desktop\csdllfromcpp\dllwrapper\cswrappercppcli\cswrappercppcli\x64\debug\pch.obj
c:\users\genki\desktop\csdllfromcpp\dllwrapper\cswrappercppcli\cswrappercppcli\x64\debug\cswrappercppcli.obj
c:\users\genki\desktop\csdllfromcpp\dllwrapper\cswrappercppcli\cswrappercppcli\x64\debug\assemblyinfo.obj
c:\users\genki\desktop\csdllfromcpp\dllwrapper\cswrappercppcli\cswrappercppcli\x64\debug\.netframework,version=v4.7.2.assemblyattributes.obj
c:\users\genki\desktop\csdllfromcpp\dllwrapper\cswrappercppcli\x64\debug\dllcs.dll
c:\users\genki\desktop\csdllfromcpp\dllwrapper\cswrappercppcli\x64\debug\dllcs.pdb
c:\users\genki\desktop\csdllfromcpp\dllwrapper\cswrappercppcli\x64\debug\cswrappercppcli.dll
c:\users\genki\desktop\csdllfromcpp\dllwrapper\cswrappercppcli\x64\debug\cswrappercppcli.pdb
c:\users\genki\desktop\csdllfromcpp\dllwrapper\cswrappercppcli\x64\debug\cswrappercppcli.lib
c:\users\genki\desktop\csdllfromcpp\dllwrapper\cswrappercppcli\x64\debug\cswrappercppcli.exp
c:\users\genki\desktop\csdllfromcpp\dllwrapper\cswrappercppcli\cswrappercppcli\x64\debug\cswrappercppcli.tlog\metagen.write.1.tlog
c:\users\genki\desktop\csdllfromcpp\dllwrapper\cswrappercppcli\cswrappercppcli\x64\debug\app.res
c:\users\genki\desktop\csdllfromcpp\dllwrapper\cswrappercppcli\cswrappercppcli\x64\debug\cswrappercppcli.tlog\cl.command.1.tlog
c:\users\genki\desktop\csdllfromcpp\dllwrapper\cswrappercppcli\cswrappercppcli\x64\debug\cswrappercppcli.tlog\cl.read.1.tlog
c:\users\genki\desktop\csdllfromcpp\dllwrapper\cswrappercppcli\cswrappercppcli\x64\debug\cswrappercppcli.tlog\cl.write.1.tlog
c:\users\genki\desktop\csdllfromcpp\dllwrapper\cswrappercppcli\cswrappercppcli\x64\debug\cswrappercppcli.tlog\copylocal.read.1u.tlog
c:\users\genki\desktop\csdllfromcpp\dllwrapper\cswrappercppcli\cswrappercppcli\x64\debug\cswrappercppcli.tlog\copylocal.write.1u.tlog
c:\users\genki\desktop\csdllfromcpp\dllwrapper\cswrappercppcli\cswrappercppcli\x64\debug\cswrappercppcli.tlog\link.command.1.tlog
c:\users\genki\desktop\csdllfromcpp\dllwrapper\cswrappercppcli\cswrappercppcli\x64\debug\cswrappercppcli.tlog\link.read.1.tlog
c:\users\genki\desktop\csdllfromcpp\dllwrapper\cswrappercppcli\cswrappercppcli\x64\debug\cswrappercppcli.tlog\link.write.1.tlog
c:\users\genki\desktop\csdllfromcpp\dllwrapper\cswrappercppcli\cswrappercppcli\x64\debug\cswrappercppcli.tlog\link.write.2u.tlog
c:\users\genki\desktop\csdllfromcpp\dllwrapper\cswrappercppcli\cswrappercppcli\x64\debug\cswrappercppcli.tlog\metagen.read.1.tlog
c:\users\genki\desktop\csdllfromcpp\dllwrapper\cswrappercppcli\cswrappercppcli\x64\debug\cswrappercppcli.tlog\rc.command.1.tlog
c:\users\genki\desktop\csdllfromcpp\dllwrapper\cswrappercppcli\cswrappercppcli\x64\debug\cswrappercppcli.tlog\rc.read.1.tlog
c:\users\genki\desktop\csdllfromcpp\dllwrapper\cswrappercppcli\cswrappercppcli\x64\debug\cswrappercppcli.tlog\rc.write.1.tlog
c:\users\genki\desktop\csdllfromcpp\dllwrapper\cswrappercppcli\cswrappercppcli\x64\debug\cswrappercppcli.tlog\dllcs.dll.metagen
